
> fleet-care-saas@0.1.0 type-check
> tsc --noEmit

check-wo-details.ts(9,14): error TS2322: Type 'number' is not assignable to type 'string | StringFilter<"WorkOrder"> | undefined'.
check-wo-details.ts(29,27): error TS2339: Property 'workOrderItems' does not exist on type '{ id: string; tenantId: string; createdAt: Date; updatedAt: Date; status: WorkOrderStatus; vehicleId: string; title: string; description: string | null; mantType: MantType; ... 17 more ...; completionMileage: number | null; }'.
check-wo-details.ts(30,28): error TS2339: Property 'maintenanceAlerts' does not exist on type '{ id: string; tenantId: string; createdAt: Date; updatedAt: Date; status: WorkOrderStatus; vehicleId: string; title: string; description: string | null; mantType: MantType; ... 17 more ...; completionMileage: number | null; }'.
check-wo-details.ts(33,40): error TS2339: Property 'workOrderItems' does not exist on type '{ id: string; tenantId: string; createdAt: Date; updatedAt: Date; status: WorkOrderStatus; vehicleId: string; title: string; description: string | null; mantType: MantType; ... 17 more ...; completionMileage: number | null; }'.
check-wo-details.ts(36,15): error TS2339: Property 'maintenanceAlerts' does not exist on type '{ id: string; tenantId: string; createdAt: Date; updatedAt: Date; status: WorkOrderStatus; vehicleId: string; title: string; description: string | null; mantType: MantType; ... 17 more ...; completionMileage: number | null; }'.
check-wo-details.ts(36,37): error TS7006: Parameter 'a' implicitly has an 'any' type.
scripts/quick-seed.ts(38,14): error TS2322: Type 'number' is not assignable to type 'string'.
scripts/quick-seed.ts(40,7): error TS2322: Type 'number' is not assignable to type 'string'.
scripts/quick-seed.ts(48,14): error TS2322: Type 'number' is not assignable to type 'string'.
scripts/quick-seed.ts(50,7): error TS2322: Type 'number' is not assignable to type 'string'.
scripts/quick-seed.ts(52,7): error TS2322: Type 'number' is not assignable to type 'string'.
scripts/quick-seed.ts(60,14): error TS2322: Type 'number' is not assignable to type 'string'.
scripts/quick-seed.ts(62,7): error TS2322: Type 'number' is not assignable to type 'string'.
scripts/quick-seed.ts(71,14): error TS2322: Type 'number' is not assignable to type 'string'.
scripts/quick-seed.ts(73,7): error TS2322: Type 'number' is not assignable to type 'string'.
scripts/quick-seed.ts(79,7): error TS2322: Type 'number' is not assignable to type 'string'.
scripts/quick-seed.ts(80,7): error TS2322: Type 'number' is not assignable to type 'string'.
scripts/quick-seed.ts(81,7): error TS2322: Type 'number' is not assignable to type 'string'.
scripts/quick-seed.ts(88,14): error TS2322: Type 'number' is not assignable to type 'string'.
scripts/quick-seed.ts(90,7): error TS2322: Type 'number' is not assignable to type 'string'.
scripts/quick-seed.ts(96,7): error TS2322: Type 'number' is not assignable to type 'string'.
scripts/quick-seed.ts(97,7): error TS2322: Type 'number' is not assignable to type 'string'.
scripts/quick-seed.ts(98,7): error TS2322: Type 'number' is not assignable to type 'string'.
scripts/quick-seed.ts(106,14): error TS2322: Type 'number' is not assignable to type 'string'.
scripts/quick-seed.ts(108,7): error TS2322: Type 'number' is not assignable to type 'string'.
scripts/quick-seed.ts(117,14): error TS2322: Type 'number' is not assignable to type 'string'.
scripts/quick-seed.ts(119,7): error TS2322: Type 'number' is not assignable to type 'string'.
scripts/quick-seed.ts(124,7): error TS2322: Type 'number' is not assignable to type 'string'.
scripts/quick-seed.ts(130,14): error TS2322: Type 'number' is not assignable to type 'string'.
scripts/quick-seed.ts(132,7): error TS2322: Type 'number' is not assignable to type 'string'.
scripts/quick-seed.ts(137,7): error TS2322: Type 'number' is not assignable to type 'string'.
scripts/quick-seed.ts(144,14): error TS2322: Type 'number' is not assignable to type 'string'.
scripts/quick-seed.ts(146,7): error TS2322: Type 'number' is not assignable to type 'string'.
scripts/quick-seed.ts(150,7): error TS2322: Type 'number' is not assignable to type 'string'.
scripts/quick-seed.ts(151,7): error TS2322: Type 'number' is not assignable to type 'string'.
scripts/quick-seed.ts(160,14): error TS2322: Type 'number' is not assignable to type 'string'.
scripts/quick-seed.ts(162,7): error TS2322: Type 'number' is not assignable to type 'string'.
scripts/quick-seed.ts(163,7): error TS2322: Type 'number' is not assignable to type 'string'.
scripts/quick-seed.ts(177,14): error TS2322: Type 'number' is not assignable to type 'string'.
scripts/quick-seed.ts(179,7): error TS2322: Type 'number' is not assignable to type 'string'.
scripts/quick-seed.ts(180,7): error TS2322: Type 'number' is not assignable to type 'string'.
scripts/quick-seed.ts(181,7): error TS2322: Type 'number' is not assignable to type 'string'.
scripts/quick-seed.ts(192,14): error TS2322: Type 'number' is not assignable to type 'string'.
scripts/quick-seed.ts(194,7): error TS2322: Type 'number' is not assignable to type 'string'.
scripts/quick-seed.ts(195,7): error TS2322: Type 'number' is not assignable to type 'string'.
scripts/quick-seed.ts(196,7): error TS2322: Type 'number' is not assignable to type 'string'.
scripts/test-circuit4-vehicles-documents.ts(176,5): error TS2322: Type 'string' is not assignable to type 'number'.
scripts/test-circuit4-vehicles-documents.ts(295,3): error TS2322: Type 'string' is not assignable to type 'number'.
scripts/test-circuit4-vehicles-documents.ts(367,7): error TS2322: Type 'number' is not assignable to type 'string'.
scripts/test-circuit4-vehicles-documents.ts(381,10): error TS2551: Property 'documentType' does not exist on type '{ id: string; tenantId: string; createdAt: Date; updatedAt: Date; status: DocumentStatus; vehicleId: string; documentTypeId: string; fileName: string; fileUrl: string; documentNumber: string | null; entity: string | null; expiryDate: Date | null; uploadedAt: Date; }'. Did you mean 'documentTypeId'?
scripts/test-circuit4-vehicles-documents.ts(398,9): error TS2322: Type 'number' is not assignable to type 'string'.
scripts/test-circuit4-vehicles-documents.ts(399,9): error TS2322: Type 'number' is not assignable to type 'string'.
scripts/test-circuit4-vehicles-documents.ts(411,12): error TS2551: Property 'documentType' does not exist on type '{ id: string; tenantId: string; createdAt: Date; updatedAt: Date; status: DocumentStatus; vehicleId: string; documentTypeId: string; fileName: string; fileUrl: string; documentNumber: string | null; entity: string | null; expiryDate: Date | null; uploadedAt: Date; }'. Did you mean 'documentTypeId'?
scripts/test-circuit4-vehicles-documents.ts(424,9): error TS2322: Type 'number' is not assignable to type 'string'.
scripts/test-circuit4-vehicles-documents.ts(440,12): error TS2551: Property 'documentType' does not exist on type '{ id: string; tenantId: string; createdAt: Date; updatedAt: Date; status: DocumentStatus; vehicleId: string; documentTypeId: string; fileName: string; fileUrl: string; documentNumber: string | null; entity: string | null; expiryDate: Date | null; uploadedAt: Date; }'. Did you mean 'documentTypeId'?
scripts/test-circuit4-vehicles-documents.ts(450,35): error TS2322: Type 'number' is not assignable to type 'string | StringFilter<"Document"> | undefined'.
scripts/test-circuit4-vehicles-documents.ts(460,48): error TS2551: Property 'documentType' does not exist on type '{ id: string; tenantId: string; createdAt: Date; updatedAt: Date; status: DocumentStatus; vehicleId: string; documentTypeId: string; fileName: string; fileUrl: string; documentNumber: string | null; entity: string | null; expiryDate: Date | null; uploadedAt: Date; }'. Did you mean 'documentTypeId'?
scripts/test-circuit4-vehicles-documents.ts(613,7): error TS2322: Type 'number' is not assignable to type 'string'.
scripts/test-circuit4-vehicles-documents.ts(619,3): error TS2322: Type 'string' is not assignable to type 'number'.
scripts/test-circuit4-vehicles-documents.ts(624,14): error TS2322: Type 'number' is not assignable to type 'string'.
scripts/test-circuit4-vehicles-documents.ts(633,14): error TS2322: Type 'number' is not assignable to type 'string'.
scripts/test-circuit4-vehicles-documents.ts(648,7): error TS2322: Type 'number' is not assignable to type 'string'.
scripts/test-circuit4-vehicles-documents.ts(658,14): error TS2322: Type 'number' is not assignable to type 'string | StringFilter<"OdometerLog"> | undefined'.
scripts/test-circuit4-vehicles-documents.ts(681,9): error TS2322: Type 'number' is not assignable to type 'string'.
scripts/test-circuit4-vehicles-documents.ts(713,18): error TS2322: Type 'number' is not assignable to type 'string'.
scripts/test-circuit4-vehicles-documents.ts(719,50): error TS2322: Type 'number' is not assignable to type 'string'.
scripts/test-circuit4-vehicles-documents.ts(724,46): error TS2322: Type 'number' is not assignable to type 'string'.
src/actions/onboarding.ts(10,3): error TS6133: 'prevState' is declared but its value is never read.
src/app/api/internal-tickets/route.ts(110,9): error TS2322: Type '{ workOrderId: any; ticketNumber: string; ticketDate: Date; technicianId: any; description: any; totalLaborHours: number; totalLaborCost: number; totalPartsCost: number; totalCost: number; status: "DRAFT"; laborEntries: { ...; }; }' is not assignable to type 'Exact<(Without<InternalWorkTicketCreateInput, InternalWorkTicketUncheckedCreateInput> & InternalWorkTicketUncheckedCreateInput) | (Without<...> & InternalWorkTicketCreateInput), (Without<...> & InternalWorkTicketUncheckedCreateInput) | (Without<...> & InternalWorkTicketCreateInput)>'.
  Type '{ workOrderId: any; ticketNumber: string; ticketDate: Date; technicianId: any; description: any; totalLaborHours: number; totalLaborCost: number; totalPartsCost: number; totalCost: number; status: "DRAFT"; laborEntries: { ...; }; }' is missing the following properties from type '{ tenantId?: never; technicianId?: never; workOrderId?: never; id?: string; ticketNumber: string; ticketDate?: string | Date | { toString: {}; toDateString: {}; toTimeString: {}; toLocaleString: {}; ... 39 more ...; [Symbol.toPrimitive]: {}; }; ... 15 more ...; partEntries?: TicketPartEntryCreateNestedManyWithoutTic...': tenant, workOrder, technician
src/app/api/internal-tickets/route.ts(177,11): error TS2322: Type '{ inventoryItemId: string; movementType: "CONSUMPTION"; quantity: number; unitCost: number; totalCost: number; previousStock: number; newStock: number; previousAvgCost: number; newAvgCost: number; referenceType: "INTERNAL_TICKET"; referenceId: string; performedBy: string; }' is not assignable to type 'Exact<(Without<InventoryMovementCreateInput, InventoryMovementUncheckedCreateInput> & InventoryMovementUncheckedCreateInput) | (Without<...> & InventoryMovementCreateInput), (Without<...> & InventoryMovementUncheckedCreateInput) | (Without<...> & InventoryMovementCreateInput)>'.
  Type '{ inventoryItemId: string; movementType: "CONSUMPTION"; quantity: number; unitCost: number; totalCost: number; previousStock: number; newStock: number; previousAvgCost: number; newAvgCost: number; referenceType: "INTERNAL_TICKET"; referenceId: string; performedBy: string; }' is not assignable to type '(Without<InventoryMovementCreateInput, InventoryMovementUncheckedCreateInput> & InventoryMovementUncheckedCreateInput) | { ...; }'.
    Property 'tenantId' is missing in type '{ inventoryItemId: string; movementType: "CONSUMPTION"; quantity: number; unitCost: number; totalCost: number; previousStock: number; newStock: number; previousAvgCost: number; newAvgCost: number; referenceType: "INTERNAL_TICKET"; referenceId: string; performedBy: string; }' but required in type '{ tenant?: never; inventoryItem?: never; id?: string; tenantId: string; inventoryItemId: string; movementType: Exact<MovementType, MovementType>; quantity: Exact<...>; ... 9 more ...; performedAt?: string | ... 1 more ... | { ...; }; }'.
src/app/api/internal-tickets/route.ts(195,11): error TS2322: Type '{ ticketId: string; inventoryItemId: string; quantity: number; unitCost: number; totalCost: number; workOrderItemId: any; inventoryMovementId: string; }' is not assignable to type 'Exact<(Without<TicketPartEntryCreateInput, TicketPartEntryUncheckedCreateInput> & TicketPartEntryUncheckedCreateInput) | (Without<...> & TicketPartEntryCreateInput), (Without<...> & TicketPartEntryUncheckedCreateInput) | (Without<...> & TicketPartEntryCreateInput)>'.
  Type '{ ticketId: string; inventoryItemId: string; quantity: number; unitCost: number; totalCost: number; workOrderItemId: any; inventoryMovementId: string; }' is not assignable to type '(Without<TicketPartEntryCreateInput, TicketPartEntryUncheckedCreateInput> & TicketPartEntryUncheckedCreateInput) | { ...; }'.
    Property 'tenantId' is missing in type '{ ticketId: string; inventoryItemId: string; quantity: number; unitCost: number; totalCost: number; workOrderItemId: any; inventoryMovementId: string; }' but required in type '{ tenant?: never; workOrderItem?: never; inventoryItem?: never; ticket?: never; id?: string; ticketId: string; workOrderItemId?: string | null; inventoryItemId: string; tenantId: string; quantity: Exact<...>; ... 4 more ...; updatedAt?: string | ... 1 more ... | { ...; }; }'.
src/app/api/inventory/consume/route.ts(135,11): error TS2322: Type '{ inventoryItemId: string; movementType: "CONSUMPTION"; quantity: number; unitCost: number; totalCost: number; previousStock: number; newStock: number; previousAvgCost: number; newAvgCost: number; referenceType: "INTERNAL_TICKET"; referenceId: string; performedBy: string; }' is not assignable to type 'Exact<(Without<InventoryMovementCreateInput, InventoryMovementUncheckedCreateInput> & InventoryMovementUncheckedCreateInput) | (Without<...> & InventoryMovementCreateInput), (Without<...> & InventoryMovementUncheckedCreateInput) | (Without<...> & InventoryMovementCreateInput)>'.
  Type '{ inventoryItemId: string; movementType: "CONSUMPTION"; quantity: number; unitCost: number; totalCost: number; previousStock: number; newStock: number; previousAvgCost: number; newAvgCost: number; referenceType: "INTERNAL_TICKET"; referenceId: string; performedBy: string; }' is not assignable to type '(Without<InventoryMovementCreateInput, InventoryMovementUncheckedCreateInput> & InventoryMovementUncheckedCreateInput) | { ...; }'.
    Property 'tenantId' is missing in type '{ inventoryItemId: string; movementType: "CONSUMPTION"; quantity: number; unitCost: number; totalCost: number; previousStock: number; newStock: number; previousAvgCost: number; newAvgCost: number; referenceType: "INTERNAL_TICKET"; referenceId: string; performedBy: string; }' but required in type '{ tenant?: never; inventoryItem?: never; id?: string; tenantId: string; inventoryItemId: string; movementType: Exact<MovementType, MovementType>; quantity: Exact<...>; ... 9 more ...; performedAt?: string | ... 1 more ... | { ...; }; }'.
src/app/api/inventory/items/route.ts(97,9): error TS2322: Type '{ masterPartId: any; warehouse: any; location: any; quantity: any; minStock: any; maxStock: any; averageCost: any; totalValue: number; status: "ACTIVE" | "OUT_OF_STOCK"; }' is not assignable to type 'Exact<(Without<InventoryItemCreateInput, InventoryItemUncheckedCreateInput> & InventoryItemUncheckedCreateInput) | (Without<...> & InventoryItemCreateInput), (Without<...> & InventoryItemUncheckedCreateInput) | (Without<...> & InventoryItemCreateInput)>'.
  Type '{ masterPartId: any; warehouse: any; location: any; quantity: any; minStock: any; maxStock: any; averageCost: any; totalValue: number; status: "ACTIVE" | "OUT_OF_STOCK"; }' is missing the following properties from type '{ tenantId?: never; masterPartId?: never; id?: string; warehouse?: string; location?: string | null; quantity: Exact<string | number | Decimal | DecimalJsLike, string | number | Decimal | DecimalJsLike>; ... 10 more ...; ticketPartEntries?: TicketPartEntryCreateNestedManyWithoutInventoryItemInput | { ...; }; }': tenant, masterPart
src/app/api/inventory/items/route.ts(112,9): error TS2322: Type '{ inventoryItemId: string; movementType: "ADJUSTMENT_IN"; quantity: any; unitCost: any; totalCost: number; previousStock: number; newStock: any; previousAvgCost: number; newAvgCost: any; referenceType: "MANUAL_ADJUSTMENT"; referenceId: string; performedBy: string; }' is not assignable to type 'Exact<(Without<InventoryMovementCreateInput, InventoryMovementUncheckedCreateInput> & InventoryMovementUncheckedCreateInput) | (Without<...> & InventoryMovementCreateInput), (Without<...> & InventoryMovementUncheckedCreateInput) | (Without<...> & InventoryMovementCreateInput)>'.
  Type '{ inventoryItemId: string; movementType: "ADJUSTMENT_IN"; quantity: any; unitCost: any; totalCost: number; previousStock: number; newStock: any; previousAvgCost: number; newAvgCost: any; referenceType: "MANUAL_ADJUSTMENT"; referenceId: string; performedBy: string; }' is not assignable to type '(Without<InventoryMovementCreateInput, InventoryMovementUncheckedCreateInput> & InventoryMovementUncheckedCreateInput) | { ...; }'.
    Property 'tenantId' is missing in type '{ inventoryItemId: string; movementType: "ADJUSTMENT_IN"; quantity: any; unitCost: any; totalCost: number; previousStock: number; newStock: any; previousAvgCost: number; newAvgCost: any; referenceType: "MANUAL_ADJUSTMENT"; referenceId: string; performedBy: string; }' but required in type '{ tenant?: never; inventoryItem?: never; id?: string; tenantId: string; inventoryItemId: string; movementType: Exact<MovementType, MovementType>; quantity: Exact<...>; ... 9 more ...; performedAt?: string | ... 1 more ... | { ...; }; }'.
src/app/api/inventory/movements/route.ts(141,9): error TS2322: Type '{ inventoryItemId: any; movementType: MovementType; quantity: number; unitCost: number; totalCost: number; previousStock: number; newStock: number; previousAvgCost: number; newAvgCost: number; referenceType: MovementReferenceType; referenceId: any; performedBy: string; }' is not assignable to type 'Exact<(Without<InventoryMovementCreateInput, InventoryMovementUncheckedCreateInput> & InventoryMovementUncheckedCreateInput) | (Without<...> & InventoryMovementCreateInput), (Without<...> & InventoryMovementUncheckedCreateInput) | (Without<...> & InventoryMovementCreateInput)>'.
  Type '{ inventoryItemId: any; movementType: MovementType; quantity: number; unitCost: number; totalCost: number; previousStock: number; newStock: number; previousAvgCost: number; newAvgCost: number; referenceType: MovementReferenceType; referenceId: any; performedBy: string; }' is missing the following properties from type '{ tenantId?: never; inventoryItemId?: never; id?: string; movementType: Exact<MovementType, MovementType>; quantity: Exact<string | number | Decimal | DecimalJsLike, string | ... 2 more ... | DecimalJsLike>; ... 11 more ...; inventoryItem: { ...; }; }': tenant, inventoryItem
src/app/api/inventory/purchases/route.ts(56,9): error TS2322: Type '{ invoiceNumber: string; supplierId: string; invoiceDate: Date; status: "APPROVED"; subtotal: number; taxAmount: number; totalAmount: number; registeredBy: string; }' is not assignable to type 'Exact<(Without<InvoiceCreateInput, InvoiceUncheckedCreateInput> & InvoiceUncheckedCreateInput) | (Without<...> & InvoiceCreateInput), (Without<...> & InvoiceUncheckedCreateInput) | (Without<...> & InvoiceCreateInput)>'.
  Type '{ invoiceNumber: string; supplierId: string; invoiceDate: Date; status: "APPROVED"; subtotal: number; taxAmount: number; totalAmount: number; registeredBy: string; }' is not assignable to type '(Without<InvoiceCreateInput, InvoiceUncheckedCreateInput> & InvoiceUncheckedCreateInput) | { ...; }'.
    Property 'tenantId' is missing in type '{ invoiceNumber: string; supplierId: string; invoiceDate: Date; status: "APPROVED"; subtotal: number; taxAmount: number; totalAmount: number; registeredBy: string; }' but required in type '{ tenant?: never; workOrder?: never; supplier?: never; purchaseOrder?: never; approver?: never; registrar?: never; id?: string; tenantId: string; invoiceNumber: string; invoiceDate: Exact<string | Date, string | Date>; ... 25 more ...; financialAlerts?: FinancialAlertUncheckedCreateNestedManyWithoutInvoiceInput | { ...'.
src/app/api/inventory/purchases/route.ts(75,11): error TS2322: Type '{ invoiceId: string; masterPartId: string; description: string; quantity: number; unitPrice: number; subtotal: number; taxRate: number; taxAmount: number; total: number; }' is not assignable to type 'Exact<(Without<InvoiceItemCreateInput, InvoiceItemUncheckedCreateInput> & InvoiceItemUncheckedCreateInput) | (Without<...> & InvoiceItemCreateInput), (Without<...> & InvoiceItemUncheckedCreateInput) | (Without<...> & InvoiceItemCreateInput)>'.
  Type '{ invoiceId: string; masterPartId: string; description: string; quantity: number; unitPrice: number; subtotal: number; taxRate: number; taxAmount: number; total: number; }' is not assignable to type '(Without<InvoiceItemCreateInput, InvoiceItemUncheckedCreateInput> & InvoiceItemUncheckedCreateInput) | { ...; }'.
    Property 'tenantId' is missing in type '{ invoiceId: string; masterPartId: string; description: string; quantity: number; unitPrice: number; subtotal: number; taxRate: number; taxAmount: number; total: number; }' but required in type '{ tenant?: never; masterPart?: never; invoice?: never; workOrderItem?: never; id?: string; invoiceId: string; tenantId: string; masterPartId?: string | null; workOrderItemId?: string | null; description: string; ... 7 more ...; updatedAt?: string | ... 1 more ... | { ...; }; }'.
src/app/api/inventory/purchases/route.ts(123,13): error TS2322: Type '{ masterPartId: string; warehouse: string; quantity: number; averageCost: number; totalValue: number; }' is not assignable to type 'Exact<(Without<InventoryItemCreateInput, InventoryItemUncheckedCreateInput> & InventoryItemUncheckedCreateInput) | (Without<...> & InventoryItemCreateInput), (Without<...> & InventoryItemUncheckedCreateInput) | (Without<...> & InventoryItemCreateInput)>'.
  Type '{ masterPartId: string; warehouse: string; quantity: number; averageCost: number; totalValue: number; }' is not assignable to type '(Without<InventoryItemCreateInput, InventoryItemUncheckedCreateInput> & InventoryItemUncheckedCreateInput) | { ...; }'.
    Property 'tenantId' is missing in type '{ masterPartId: string; warehouse: string; quantity: number; averageCost: number; totalValue: number; }' but required in type '{ tenant?: never; masterPart?: never; id?: string; tenantId: string; masterPartId: string; warehouse?: string; location?: string | null; quantity: Exact<string | number | Decimal | DecimalJsLike, string | ... 2 more ... | DecimalJsLike>; ... 8 more ...; ticketPartEntries?: TicketPartEntryUncheckedCreateNestedManyWit...'.
src/app/api/inventory/purchases/route.ts(135,11): error TS2322: Type '{ inventoryItemId: string; movementType: "PURCHASE"; quantity: number; unitCost: number; totalCost: number; previousStock: number; newStock: number; previousAvgCost: number; newAvgCost: number; referenceType: "INVOICE"; referenceId: string; performedBy: string; }' is not assignable to type 'Exact<(Without<InventoryMovementCreateInput, InventoryMovementUncheckedCreateInput> & InventoryMovementUncheckedCreateInput) | (Without<...> & InventoryMovementCreateInput), (Without<...> & InventoryMovementUncheckedCreateInput) | (Without<...> & InventoryMovementCreateInput)>'.
  Type '{ inventoryItemId: string; movementType: "PURCHASE"; quantity: number; unitCost: number; totalCost: number; previousStock: number; newStock: number; previousAvgCost: number; newAvgCost: number; referenceType: "INVOICE"; referenceId: string; performedBy: string; }' is not assignable to type '(Without<InventoryMovementCreateInput, InventoryMovementUncheckedCreateInput> & InventoryMovementUncheckedCreateInput) | { ...; }'.
    Property 'tenantId' is missing in type '{ inventoryItemId: string; movementType: "PURCHASE"; quantity: number; unitCost: number; totalCost: number; previousStock: number; newStock: number; previousAvgCost: number; newAvgCost: number; referenceType: "INVOICE"; referenceId: string; performedBy: string; }' but required in type '{ tenant?: never; inventoryItem?: never; id?: string; tenantId: string; inventoryItemId: string; movementType: Exact<MovementType, MovementType>; quantity: Exact<...>; ... 9 more ...; performedAt?: string | ... 1 more ... | { ...; }; }'.
src/app/api/inventory/purchases/route.ts(155,11): error TS2322: Type '{ masterPartId: string; supplierId: string; price: number; quantity: number; invoiceId: string; purchasedBy: string; }' is not assignable to type 'Exact<(Without<PartPriceHistoryCreateInput, PartPriceHistoryUncheckedCreateInput> & PartPriceHistoryUncheckedCreateInput) | (Without<...> & PartPriceHistoryCreateInput), (Without<...> & PartPriceHistoryUncheckedCreateInput) | (Without<...> & PartPriceHistoryCreateInput)>'.
  Type '{ masterPartId: string; supplierId: string; price: number; quantity: number; invoiceId: string; purchasedBy: string; }' is not assignable to type '(Without<PartPriceHistoryCreateInput, PartPriceHistoryUncheckedCreateInput> & PartPriceHistoryUncheckedCreateInput) | { ...; }'.
    Property 'tenantId' is missing in type '{ masterPartId: string; supplierId: string; price: number; quantity: number; invoiceId: string; purchasedBy: string; }' but required in type '{ masterPart?: never; purchaser?: never; invoice?: never; supplier?: never; approver?: never; id?: string; tenantId: string; masterPartId: string; supplierId: string; price: Exact<string | number | Decimal | DecimalJsLike, string | ... 2 more ... | DecimalJsLike>; ... 5 more ...; createdAt?: string | ... 1 more ... ...'.
src/app/api/inventory/purchases/route.ts(174,15): error TS2322: Type '{ invoiceId: string; masterPartId: string; type: "PRICE_DEVIATION"; severity: "FINANCIAL"; message: string; details: { expected: number; actual: number; deviation: number; }; status: "PENDING"; }' is not assignable to type 'Exact<(Without<FinancialAlertCreateInput, FinancialAlertUncheckedCreateInput> & FinancialAlertUncheckedCreateInput) | (Without<...> & FinancialAlertCreateInput), (Without<...> & FinancialAlertUncheckedCreateInput) | (Without<...> & FinancialAlertCreateInput)>'.
  Type '{ invoiceId: string; masterPartId: string; type: "PRICE_DEVIATION"; severity: "FINANCIAL"; message: string; details: { expected: number; actual: number; deviation: number; }; status: "PENDING"; }' is not assignable to type '(Without<FinancialAlertCreateInput, FinancialAlertUncheckedCreateInput> & FinancialAlertUncheckedCreateInput) | { ...; }'.
    Property 'tenantId' is missing in type '{ invoiceId: string; masterPartId: string; type: "PRICE_DEVIATION"; severity: "FINANCIAL"; message: string; details: { expected: number; actual: number; deviation: number; }; status: "PENDING"; }' but required in type '{ tenant?: never; workOrder?: never; masterPart?: never; invoice?: never; id?: string; tenantId: string; invoiceId?: string | null; workOrderId?: string | null; masterPartId?: string | null; type: Exact<...>; ... 10 more ...; resolution?: string | null; }'.
src/app/api/invoices/route.ts(194,9): error TS2322: Type '{ invoiceNumber: any; invoiceDate: Date; dueDate: Date | null; supplierId: any; workOrderId: any; purchaseOrderId: any; subtotal: any; taxAmount: any; totalAmount: any; currency: any; status: "PENDING"; registeredBy: string; notes: any; attachmentUrl: any; }' is not assignable to type 'Exact<(Without<InvoiceCreateInput, InvoiceUncheckedCreateInput> & InvoiceUncheckedCreateInput) | (Without<...> & InvoiceCreateInput), (Without<...> & InvoiceUncheckedCreateInput) | (Without<...> & InvoiceCreateInput)>'.
  Type '{ invoiceNumber: any; invoiceDate: Date; dueDate: Date | null; supplierId: any; workOrderId: any; purchaseOrderId: any; subtotal: any; taxAmount: any; totalAmount: any; currency: any; status: "PENDING"; registeredBy: string; notes: any; attachmentUrl: any; }' is not assignable to type '(Without<InvoiceCreateInput, InvoiceUncheckedCreateInput> & InvoiceUncheckedCreateInput) | { ...; }'.
    Property 'tenantId' is missing in type '{ invoiceNumber: any; invoiceDate: Date; dueDate: Date | null; supplierId: any; workOrderId: any; purchaseOrderId: any; subtotal: any; taxAmount: any; totalAmount: any; currency: any; status: "PENDING"; registeredBy: string; notes: any; attachmentUrl: any; }' but required in type '{ tenant?: never; workOrder?: never; supplier?: never; purchaseOrder?: never; approver?: never; registrar?: never; id?: string; tenantId: string; invoiceNumber: string; invoiceDate: Exact<string | Date, string | Date>; ... 25 more ...; financialAlerts?: FinancialAlertUncheckedCreateNestedManyWithoutInvoiceInput | { ...'.
src/app/api/invoices/route.ts(216,13): error TS2322: Type '{ invoiceId: string; description: string; quantity: number; unitPrice: number; subtotal: number; taxRate: number; taxAmount: number; total: number; workOrderItemId: string | null; masterPartId: string | null; }' is not assignable to type 'Exact<(Without<InvoiceItemCreateInput, InvoiceItemUncheckedCreateInput> & InvoiceItemUncheckedCreateInput) | (Without<...> & InvoiceItemCreateInput), (Without<...> & InvoiceItemUncheckedCreateInput) | (Without<...> & InvoiceItemCreateInput)>'.
  Type '{ invoiceId: string; description: string; quantity: number; unitPrice: number; subtotal: number; taxRate: number; taxAmount: number; total: number; workOrderItemId: string | null; masterPartId: string | null; }' is not assignable to type '(Without<InvoiceItemCreateInput, InvoiceItemUncheckedCreateInput> & InvoiceItemUncheckedCreateInput) | { ...; }'.
    Property 'tenantId' is missing in type '{ invoiceId: string; description: string; quantity: number; unitPrice: number; subtotal: number; taxRate: number; taxAmount: number; total: number; workOrderItemId: string | null; masterPartId: string | null; }' but required in type '{ tenant?: never; masterPart?: never; invoice?: never; workOrderItem?: never; id?: string; invoiceId: string; tenantId: string; masterPartId?: string | null; workOrderItemId?: string | null; description: string; ... 7 more ...; updatedAt?: string | ... 1 more ... | { ...; }; }'.
src/app/api/invoices/route.ts(240,13): error TS2322: Type '{ masterPartId: string; supplierId: any; price: Decimal; quantity: Decimal; invoiceId: string; purchasedBy: string; }' is not assignable to type 'Exact<(Without<PartPriceHistoryCreateInput, PartPriceHistoryUncheckedCreateInput> & PartPriceHistoryUncheckedCreateInput) | (Without<...> & PartPriceHistoryCreateInput), (Without<...> & PartPriceHistoryUncheckedCreateInput) | (Without<...> & PartPriceHistoryCreateInput)>'.
  Type '{ masterPartId: string; supplierId: any; price: Decimal; quantity: Decimal; invoiceId: string; purchasedBy: string; }' is not assignable to type '(Without<PartPriceHistoryCreateInput, PartPriceHistoryUncheckedCreateInput> & PartPriceHistoryUncheckedCreateInput) | { ...; }'.
    Property 'tenantId' is missing in type '{ masterPartId: string; supplierId: any; price: Decimal; quantity: Decimal; invoiceId: string; purchasedBy: string; }' but required in type '{ masterPart?: never; purchaser?: never; invoice?: never; supplier?: never; approver?: never; id?: string; tenantId: string; masterPartId: string; supplierId: string; price: Exact<string | number | Decimal | DecimalJsLike, string | ... 2 more ... | DecimalJsLike>; ... 5 more ...; createdAt?: string | ... 1 more ... ...'.
src/app/api/invoices/route.ts(274,17): error TS2322: Type '{ workOrderId: any; masterPartId: string | null; type: "PRICE_DEVIATION"; severity: "HIGH" | "CRITICAL"; status: "PENDING"; message: string; details: { expected: number; actual: number; deviationPercent: string; }; }' is not assignable to type 'Exact<(Without<FinancialAlertCreateInput, FinancialAlertUncheckedCreateInput> & FinancialAlertUncheckedCreateInput) | (Without<...> & FinancialAlertCreateInput), (Without<...> & FinancialAlertUncheckedCreateInput) | (Without<...> & FinancialAlertCreateInput)>'.
  Type '{ workOrderId: any; masterPartId: string | null; type: "PRICE_DEVIATION"; severity: "HIGH" | "CRITICAL"; status: "PENDING"; message: string; details: { expected: number; actual: number; deviationPercent: string; }; }' is not assignable to type '(Without<FinancialAlertCreateInput, FinancialAlertUncheckedCreateInput> & FinancialAlertUncheckedCreateInput) | { ...; }'.
    Property 'tenantId' is missing in type '{ workOrderId: any; masterPartId: string | null; type: "PRICE_DEVIATION"; severity: "HIGH" | "CRITICAL"; status: "PENDING"; message: string; details: { expected: number; actual: number; deviationPercent: string; }; }' but required in type '{ tenant?: never; workOrder?: never; masterPart?: never; invoice?: never; id?: string; tenantId: string; invoiceId?: string | null; workOrderId?: string | null; masterPartId?: string | null; type: Exact<...>; ... 10 more ...; resolution?: string | null; }'.
src/app/api/maintenance/invoices/[id]/route.ts(269,15): error TS2322: Type '{ masterPartId: string; supplierId: string; price: Decimal; quantity: Decimal; recordedAt: Date; invoiceId: string; approvedBy: string; purchasedBy: string; }' is not assignable to type 'Exact<(Without<PartPriceHistoryCreateInput, PartPriceHistoryUncheckedCreateInput> & PartPriceHistoryUncheckedCreateInput) | (Without<...> & PartPriceHistoryCreateInput), (Without<...> & PartPriceHistoryUncheckedCreateInput) | (Without<...> & PartPriceHistoryCreateInput)>'.
  Type '{ masterPartId: string; supplierId: string; price: Decimal; quantity: Decimal; recordedAt: Date; invoiceId: string; approvedBy: string; purchasedBy: string; }' is not assignable to type '(Without<PartPriceHistoryCreateInput, PartPriceHistoryUncheckedCreateInput> & PartPriceHistoryUncheckedCreateInput) | { ...; }'.
    Property 'tenantId' is missing in type '{ masterPartId: string; supplierId: string; price: Decimal; quantity: Decimal; recordedAt: Date; invoiceId: string; approvedBy: string; purchasedBy: string; }' but required in type '{ masterPart?: never; purchaser?: never; invoice?: never; supplier?: never; approver?: never; id?: string; tenantId: string; masterPartId: string; supplierId: string; price: Exact<string | number | Decimal | DecimalJsLike, string | ... 2 more ... | DecimalJsLike>; ... 5 more ...; createdAt?: string | ... 1 more ... ...'.
src/app/api/maintenance/invoices/route.ts(211,9): error TS2322: Type '{ invoiceNumber: any; invoiceDate: Date; dueDate: Date | null; supplierId: any; workOrderId: any; subtotal: any; taxAmount: any; totalAmount: any; currency: any; status: "PENDING"; registeredBy: string; notes: any; attachmentUrl: any; }' is not assignable to type 'Exact<(Without<InvoiceCreateInput, InvoiceUncheckedCreateInput> & InvoiceUncheckedCreateInput) | (Without<...> & InvoiceCreateInput), (Without<...> & InvoiceUncheckedCreateInput) | (Without<...> & InvoiceCreateInput)>'.
  Type '{ invoiceNumber: any; invoiceDate: Date; dueDate: Date | null; supplierId: any; workOrderId: any; subtotal: any; taxAmount: any; totalAmount: any; currency: any; status: "PENDING"; registeredBy: string; notes: any; attachmentUrl: any; }' is not assignable to type '(Without<InvoiceCreateInput, InvoiceUncheckedCreateInput> & InvoiceUncheckedCreateInput) | { ...; }'.
    Property 'tenantId' is missing in type '{ invoiceNumber: any; invoiceDate: Date; dueDate: Date | null; supplierId: any; workOrderId: any; subtotal: any; taxAmount: any; totalAmount: any; currency: any; status: "PENDING"; registeredBy: string; notes: any; attachmentUrl: any; }' but required in type '{ tenant?: never; workOrder?: never; supplier?: never; purchaseOrder?: never; approver?: never; registrar?: never; id?: string; tenantId: string; invoiceNumber: string; invoiceDate: Exact<string | Date, string | Date>; ... 25 more ...; financialAlerts?: FinancialAlertUncheckedCreateNestedManyWithoutInvoiceInput | { ...'.
src/app/api/maintenance/invoices/route.ts(232,13): error TS2322: Type '{ invoiceId: string; masterPartId: string | null; workOrderItemId: string | null; description: string; quantity: number; unitPrice: number; subtotal: number; taxRate: number; taxAmount: number; total: number; }' is not assignable to type 'Exact<(Without<InvoiceItemCreateInput, InvoiceItemUncheckedCreateInput> & InvoiceItemUncheckedCreateInput) | (Without<...> & InvoiceItemCreateInput), (Without<...> & InvoiceItemUncheckedCreateInput) | (Without<...> & InvoiceItemCreateInput)>'.
  Type '{ invoiceId: string; masterPartId: string | null; workOrderItemId: string | null; description: string; quantity: number; unitPrice: number; subtotal: number; taxRate: number; taxAmount: number; total: number; }' is not assignable to type '(Without<InvoiceItemCreateInput, InvoiceItemUncheckedCreateInput> & InvoiceItemUncheckedCreateInput) | { ...; }'.
    Property 'tenantId' is missing in type '{ invoiceId: string; masterPartId: string | null; workOrderItemId: string | null; description: string; quantity: number; unitPrice: number; subtotal: number; taxRate: number; taxAmount: number; total: number; }' but required in type '{ tenant?: never; masterPart?: never; invoice?: never; workOrderItem?: never; id?: string; invoiceId: string; tenantId: string; masterPartId?: string | null; workOrderItemId?: string | null; description: string; ... 7 more ...; updatedAt?: string | ... 1 more ... | { ...; }; }'.
src/app/api/maintenance/mant-categories/[id]/route.ts(12,19): error TS6133: 'tenantPrisma' is declared but its value is never read.
src/app/api/maintenance/mant-categories/route.ts(7,19): error TS6133: 'tenantPrisma' is declared but its value is never read.
src/app/api/maintenance/mant-item-requests/route.ts(114,7): error TS2322: Type '{ suggestedName: any; description: any; mantType: any; categoryId: any; type: any; justification: any; similarItems: any; requestedBy: string; }' is not assignable to type 'Exact<(Without<MantItemRequestCreateInput, MantItemRequestUncheckedCreateInput> & MantItemRequestUncheckedCreateInput) | (Without<...> & MantItemRequestCreateInput), (Without<...> & MantItemRequestUncheckedCreateInput) | (Without<...> & MantItemRequestCreateInput)>'.
  Type '{ suggestedName: any; description: any; mantType: any; categoryId: any; type: any; justification: any; similarItems: any; requestedBy: string; }' is missing the following properties from type '{ tenantId?: never; categoryId?: never; id?: string; suggestedName: string; description?: string | null; mantType: Exact<MantType, MantType>; type?: ItemType; ... 11 more ...; category: { ...; }; }': tenant, category
src/app/api/maintenance/mant-items/route.ts(8,19): error TS6133: 'tenantPrisma' is declared but its value is never read.
src/app/api/maintenance/mant-items/similar/route.ts(12,19): error TS6133: 'tenantPrisma' is declared but its value is never read.
src/app/api/maintenance/mant-template/global/route.ts(7,19): error TS6133: 'tenantPrisma' is declared but its value is never read.
src/app/api/maintenance/mant-template/route.ts(8,19): error TS6133: 'tenantPrisma' is declared but its value is never read.
src/app/api/maintenance/package-items/[id]/route.ts(129,31): error TS2304: Cannot find name 'tenantPrisma'.
src/app/api/maintenance/packages/route.ts(9,19): error TS6133: 'tenantPrisma' is declared but its value is never read.
src/app/api/maintenance/vehicle-parts/[id]/route.ts(16,19): error TS6133: 'tenantPrisma' is declared but its value is never read.
src/app/api/maintenance/vehicle-programs/route.ts(212,9): error TS2322: Type '{ vehicleId: any; name: string; description: string; generatedFrom: string; generatedBy: any; assignmentKm: number; nextMaintenanceKm: null; isActive: true; status: "ACTIVE"; }' is not assignable to type 'Exact<(Without<VehicleMantProgramCreateInput, VehicleMantProgramUncheckedCreateInput> & VehicleMantProgramUncheckedCreateInput) | (Without<...> & VehicleMantProgramCreateInput), (Without<...> & VehicleMantProgramUncheckedCreateInput) | (Without<...> & VehicleMantProgramCreateInput)>'.
  Type '{ vehicleId: any; name: string; description: string; generatedFrom: string; generatedBy: any; assignmentKm: number; nextMaintenanceKm: null; isActive: true; status: "ACTIVE"; }' is missing the following properties from type '{ tenantId?: never; vehicleId?: never; id?: string; name: string; description?: string | null; generatedFrom?: string | null; generatedAt?: string | Date | { toString: {}; toDateString: {}; ... 41 more ...; [Symbol.toPrimitive]: {}; }; ... 11 more ...; packages?: VehicleProgramPackageCreateNestedManyWithoutProgramIn...': tenant, vehicle
src/app/api/maintenance/vehicle-programs/route.ts(234,11): error TS2322: Type '{ programId: string; name: string; description: string | null; triggerKm: number | null; packageType: $Enums.MantType; priority: $Enums.Priority; estimatedCost: Decimal | null; estimatedTime: Decimal | null; scheduledKm: number | null; status: "PENDING"; }' is not assignable to type 'Exact<(Without<VehicleProgramPackageCreateInput, VehicleProgramPackageUncheckedCreateInput> & VehicleProgramPackageUncheckedCreateInput) | (Without<...> & VehicleProgramPackageCreateInput), (Without<...> & VehicleProgramPackageUncheckedCreateInput) | (Without<...> & VehicleProgramPackageCreateInput)>'.
  Type '{ programId: string; name: string; description: string | null; triggerKm: number | null; packageType: $Enums.MantType; priority: $Enums.Priority; estimatedCost: Decimal | null; estimatedTime: Decimal | null; scheduledKm: number | null; status: "PENDING"; }' is not assignable to type '(Without<VehicleProgramPackageCreateInput, VehicleProgramPackageUncheckedCreateInput> & VehicleProgramPackageUncheckedCreateInput) | { ...; }'.
    Property 'tenantId' is missing in type '{ programId: string; name: string; description: string | null; triggerKm: number | null; packageType: $Enums.MantType; priority: $Enums.Priority; estimatedCost: Decimal | null; estimatedTime: Decimal | null; scheduledKm: number | null; status: "PENDING"; }' but required in type '{ tenant?: never; technician?: never; provider?: never; workOrder?: never; program?: never; id?: string; tenantId: string; programId: string; name: string; description?: string | null; triggerKm?: number | null; ... 17 more ...; items?: VehicleProgramItemUncheckedCreateNestedManyWithoutPackageInput | { ...; }; }'.
src/app/api/maintenance/vehicle-programs/route.ts(251,13): error TS2322: Type '{ packageId: string; mantItemId: string; mantType: $Enums.MantType; priority: $Enums.Priority; order: number; scheduledKm: number | null; estimatedTime: Decimal | null; estimatedCost: null; localNotes: null; isOptional: boolean; status: "PENDING"; }' is not assignable to type 'Exact<(Without<VehicleProgramItemCreateInput, VehicleProgramItemUncheckedCreateInput> & VehicleProgramItemUncheckedCreateInput) | (Without<...> & VehicleProgramItemCreateInput), (Without<...> & VehicleProgramItemUncheckedCreateInput) | (Without<...> & VehicleProgramItemCreateInput)>'.
  Type '{ packageId: string; mantItemId: string; mantType: $Enums.MantType; priority: $Enums.Priority; order: number; scheduledKm: number | null; estimatedTime: Decimal | null; estimatedCost: null; localNotes: null; isOptional: boolean; status: "PENDING"; }' is not assignable to type '(Without<VehicleProgramItemCreateInput, VehicleProgramItemUncheckedCreateInput> & VehicleProgramItemUncheckedCreateInput) | { ...; }'.
    Property 'tenantId' is missing in type '{ packageId: string; mantItemId: string; mantType: $Enums.MantType; priority: $Enums.Priority; order: number; scheduledKm: number | null; estimatedTime: Decimal | null; estimatedCost: null; localNotes: null; isOptional: boolean; status: "PENDING"; }' but required in type '{ tenant?: never; technician?: never; provider?: never; package?: never; mantItem?: never; id?: string; tenantId: string; packageId: string; mantItemId: string; mantType: Exact<MantType, MantType>; ... 22 more ...; maintenanceAlerts?: MaintenanceAlertUncheckedCreateNestedManyWithoutProgramItemInput | { ...; }; }'.
src/app/api/maintenance/vehicle-programs/route.ts(277,9): error TS2322: Type '{ programId: string; name: string; description: string; triggerKm: null; packageType: "CORRECTIVE"; priority: "MEDIUM"; status: "PENDING"; }' is not assignable to type 'Exact<(Without<VehicleProgramPackageCreateInput, VehicleProgramPackageUncheckedCreateInput> & VehicleProgramPackageUncheckedCreateInput) | (Without<...> & VehicleProgramPackageCreateInput), (Without<...> & VehicleProgramPackageUncheckedCreateInput) | (Without<...> & VehicleProgramPackageCreateInput)>'.
  Type '{ programId: string; name: string; description: string; triggerKm: null; packageType: "CORRECTIVE"; priority: "MEDIUM"; status: "PENDING"; }' is not assignable to type '(Without<VehicleProgramPackageCreateInput, VehicleProgramPackageUncheckedCreateInput> & VehicleProgramPackageUncheckedCreateInput) | { ...; }'.
    Property 'tenantId' is missing in type '{ programId: string; name: string; description: string; triggerKm: null; packageType: "CORRECTIVE"; priority: "MEDIUM"; status: "PENDING"; }' but required in type '{ tenant?: never; technician?: never; provider?: never; workOrder?: never; program?: never; id?: string; tenantId: string; programId: string; name: string; description?: string | null; triggerKm?: number | null; ... 17 more ...; items?: VehicleProgramItemUncheckedCreateNestedManyWithoutPackageInput | { ...; }; }'.
src/app/api/maintenance/vehicle-programs/route.ts(317,17): error TS2322: Type '{ programId: string; name: string; description: string | null; triggerKm: number | null; packageType: $Enums.MantType; priority: $Enums.Priority; estimatedCost: Decimal | null; estimatedTime: Decimal | null; scheduledKm: number; status: "COMPLETED"; }' is not assignable to type 'Exact<(Without<VehicleProgramPackageCreateInput, VehicleProgramPackageUncheckedCreateInput> & VehicleProgramPackageUncheckedCreateInput) | (Without<...> & VehicleProgramPackageCreateInput), (Without<...> & VehicleProgramPackageUncheckedCreateInput) | (Without<...> & VehicleProgramPackageCreateInput)>'.
  Type '{ programId: string; name: string; description: string | null; triggerKm: number | null; packageType: $Enums.MantType; priority: $Enums.Priority; estimatedCost: Decimal | null; estimatedTime: Decimal | null; scheduledKm: number; status: "COMPLETED"; }' is not assignable to type '(Without<VehicleProgramPackageCreateInput, VehicleProgramPackageUncheckedCreateInput> & VehicleProgramPackageUncheckedCreateInput) | { ...; }'.
    Property 'tenantId' is missing in type '{ programId: string; name: string; description: string | null; triggerKm: number | null; packageType: $Enums.MantType; priority: $Enums.Priority; estimatedCost: Decimal | null; estimatedTime: Decimal | null; scheduledKm: number; status: "COMPLETED"; }' but required in type '{ tenant?: never; technician?: never; provider?: never; workOrder?: never; program?: never; id?: string; tenantId: string; programId: string; name: string; description?: string | null; triggerKm?: number | null; ... 17 more ...; items?: VehicleProgramItemUncheckedCreateNestedManyWithoutPackageInput | { ...; }; }'.
src/app/api/maintenance/vehicle-programs/route.ts(334,17): error TS2322: Type '{ packageId: string; mantItemId: string; mantType: $Enums.MantType; priority: $Enums.Priority; order: number; scheduledKm: number; estimatedTime: Decimal | null; ... 5 more ...; executedKm: any; }' is not assignable to type 'Exact<(Without<VehicleProgramItemCreateInput, VehicleProgramItemUncheckedCreateInput> & VehicleProgramItemUncheckedCreateInput) | (Without<...> & VehicleProgramItemCreateInput), (Without<...> & VehicleProgramItemUncheckedCreateInput) | (Without<...> & VehicleProgramItemCreateInput)>'.
  Type '{ packageId: string; mantItemId: string; mantType: $Enums.MantType; priority: $Enums.Priority; order: number; scheduledKm: number; estimatedTime: Decimal | null; ... 5 more ...; executedKm: any; }' is not assignable to type '(Without<VehicleProgramItemCreateInput, VehicleProgramItemUncheckedCreateInput> & VehicleProgramItemUncheckedCreateInput) | { ...; }'.
    Property 'tenantId' is missing in type '{ packageId: string; mantItemId: string; mantType: $Enums.MantType; priority: $Enums.Priority; order: number; scheduledKm: number; estimatedTime: Decimal | null; ... 5 more ...; executedKm: any; }' but required in type '{ tenant?: never; technician?: never; provider?: never; package?: never; mantItem?: never; id?: string; tenantId: string; packageId: string; mantItemId: string; mantType: Exact<MantType, MantType>; ... 22 more ...; maintenanceAlerts?: MaintenanceAlertUncheckedCreateNestedManyWithoutProgramItemInput | { ...; }; }'.
src/app/api/maintenance/vehicle-programs/route.ts(377,13): error TS2322: Type '{ vehicleId: any; mantType: "PREVENTIVE"; status: "COMPLETED"; priority: "MEDIUM"; title: string; description: any; startDate: Date; creationMileage: number; estimatedCost: any; actualCost: any; requestedBy: any; }' is not assignable to type 'Exact<(Without<WorkOrderCreateInput, WorkOrderUncheckedCreateInput> & WorkOrderUncheckedCreateInput) | (Without<...> & WorkOrderCreateInput), (Without<...> & WorkOrderUncheckedCreateInput) | (Without<...> & WorkOrderCreateInput)>'.
  Type '{ vehicleId: any; mantType: "PREVENTIVE"; status: "COMPLETED"; priority: "MEDIUM"; title: string; description: any; startDate: Date; creationMileage: number; estimatedCost: any; actualCost: any; requestedBy: any; }' is missing the following properties from type '{ tenantId?: never; vehicleId?: never; technicianId?: never; providerId?: never; id?: string; title: string; description?: string | null; mantType: Exact<MantType, MantType>; ... 32 more ...; purchaseOrders?: PurchaseOrderCreateNestedManyWithoutWorkOrderInput | { ...; }; }': tenant, vehicle
src/app/api/maintenance/work-orders/[id]/expenses/route.ts(61,7): error TS2322: Type '{ workOrderId: string; description: string; expenseType: "SERVICE" | "OTHER" | "PARTS" | "LABOR" | "TRANSPORT" | "TOOLS" | "MATERIALS"; amount: number; vendor: string | null; providerId: string | null; invoiceNumber: string | null; recordedBy: string; status: "PENDING"; }' is not assignable to type 'Exact<(Without<WorkOrderExpenseCreateInput, WorkOrderExpenseUncheckedCreateInput> & WorkOrderExpenseUncheckedCreateInput) | (Without<...> & WorkOrderExpenseCreateInput), (Without<...> & WorkOrderExpenseUncheckedCreateInput) | (Without<...> & WorkOrderExpenseCreateInput)>'.
  Type '{ workOrderId: string; description: string; expenseType: "SERVICE" | "OTHER" | "PARTS" | "LABOR" | "TRANSPORT" | "TOOLS" | "MATERIALS"; amount: number; vendor: string | null; providerId: string | null; invoiceNumber: string | null; recordedBy: string; status: "PENDING"; }' is not assignable to type '(Without<WorkOrderExpenseCreateInput, WorkOrderExpenseUncheckedCreateInput> & WorkOrderExpenseUncheckedCreateInput) | { ...; }'.
    Property 'tenantId' is missing in type '{ workOrderId: string; description: string; expenseType: "SERVICE" | "OTHER" | "PARTS" | "LABOR" | "TRANSPORT" | "TOOLS" | "MATERIALS"; amount: number; vendor: string | null; providerId: string | null; invoiceNumber: string | null; recordedBy: string; status: "PENDING"; }' but required in type '{ tenant?: never; provider?: never; workOrder?: never; id?: string; workOrderId: string; tenantId: string; expenseType: Exact<ExpenseType, ExpenseType>; description: string; ... 9 more ...; updatedAt?: string | ... 1 more ... | { ...; }; }'.
src/app/api/maintenance/work-orders/[id]/import-recipe/route.ts(74,11): error TS2322: Type '{ workOrderId: string; mantItemId: string; description: string; quantity: number; unitPrice: number; totalCost: number; status: "PENDING"; notes: string | null; purchasedBy: string; supplier: string; }' is not assignable to type 'Exact<(Without<WorkOrderItemCreateInput, WorkOrderItemUncheckedCreateInput> & WorkOrderItemUncheckedCreateInput) | (Without<...> & WorkOrderItemCreateInput), (Without<...> & WorkOrderItemUncheckedCreateInput) | (Without<...> & WorkOrderItemCreateInput)>'.
  Type '{ workOrderId: string; mantItemId: string; description: string; quantity: number; unitPrice: number; totalCost: number; status: "PENDING"; notes: string | null; purchasedBy: string; supplier: string; }' is not assignable to type '(Without<WorkOrderItemCreateInput, WorkOrderItemUncheckedCreateInput> & WorkOrderItemUncheckedCreateInput) | { ...; }'.
    Property 'tenantId' is missing in type '{ workOrderId: string; mantItemId: string; description: string; quantity: number; unitPrice: number; totalCost: number; status: "PENDING"; notes: string | null; purchasedBy: string; supplier: string; }' but required in type '{ tenant?: never; workOrder?: never; masterPart?: never; mantItem?: never; id?: string; workOrderId: string; mantItemId: string; tenantId: string; description: string; partNumber?: string | null; brand?: string | null; ... 23 more ...; purchaseOrderItems?: PurchaseOrderItemUncheckedCreateNestedManyWithoutWorkOrderIt...'.
src/app/api/maintenance/work-orders/[id]/items/route.ts(184,7): error TS2322: Type '{ workOrderId: string; mantItemId: any; masterPartId: any; description: any; quantity: any; unitPrice: any; totalCost: number; itemSource: any; supplier: string; purchasedBy: string; status: "PENDING"; closureType: "PENDING"; }' is not assignable to type 'Exact<(Without<WorkOrderItemCreateInput, WorkOrderItemUncheckedCreateInput> & WorkOrderItemUncheckedCreateInput) | (Without<...> & WorkOrderItemCreateInput), (Without<...> & WorkOrderItemUncheckedCreateInput) | (Without<...> & WorkOrderItemCreateInput)>'.
  Type '{ workOrderId: string; mantItemId: any; masterPartId: any; description: any; quantity: any; unitPrice: any; totalCost: number; itemSource: any; supplier: string; purchasedBy: string; status: "PENDING"; closureType: "PENDING"; }' is not assignable to type '(Without<WorkOrderItemCreateInput, WorkOrderItemUncheckedCreateInput> & WorkOrderItemUncheckedCreateInput) | { ...; }'.
    Property 'tenantId' is missing in type '{ workOrderId: string; mantItemId: any; masterPartId: any; description: any; quantity: any; unitPrice: any; totalCost: number; itemSource: any; supplier: string; purchasedBy: string; status: "PENDING"; closureType: "PENDING"; }' but required in type '{ tenant?: never; workOrder?: never; masterPart?: never; mantItem?: never; id?: string; workOrderId: string; mantItemId: string; tenantId: string; description: string; partNumber?: string | null; brand?: string | null; ... 23 more ...; purchaseOrderItems?: PurchaseOrderItemUncheckedCreateNestedManyWithoutWorkOrderIt...'.
src/app/api/maintenance/work-orders/[id]/route.ts(199,35): error TS2304: Cannot find name 'getCurrentUser'.
src/app/api/maintenance/work-orders/route.ts(268,7): error TS2322: Type '{ vehicleId: any; title: any; description: any; mantType: any; priority: any; status: "PENDING"; workType: "EXTERNAL" | "INTERNAL" | "MIXED"; technicianId: string | null; providerId: string | null; ... 5 more ...; packageName: any; }' is not assignable to type 'Exact<(Without<WorkOrderCreateInput, WorkOrderUncheckedCreateInput> & WorkOrderUncheckedCreateInput) | (Without<...> & WorkOrderCreateInput), (Without<...> & WorkOrderUncheckedCreateInput) | (Without<...> & WorkOrderCreateInput)>'.
  Type '{ vehicleId: any; title: any; description: any; mantType: any; priority: any; status: "PENDING"; workType: "EXTERNAL" | "INTERNAL" | "MIXED"; technicianId: string | null; providerId: string | null; ... 5 more ...; packageName: any; }' is not assignable to type '(Without<WorkOrderCreateInput, WorkOrderUncheckedCreateInput> & WorkOrderUncheckedCreateInput) | { ...; }'.
    Property 'tenantId' is missing in type '{ vehicleId: any; title: any; description: any; mantType: any; priority: any; status: "PENDING"; workType: "EXTERNAL" | "INTERNAL" | "MIXED"; technicianId: string | null; providerId: string | null; ... 5 more ...; packageName: any; }' but required in type '{ tenant?: never; vehicle?: never; technician?: never; provider?: never; id?: string; tenantId: string; vehicleId: string; title: string; description?: string | null; mantType: Exact<MantType, MantType>; ... 30 more ...; purchaseOrders?: PurchaseOrderUncheckedCreateNestedManyWithoutWorkOrderInput | { ...; }; }'.
src/app/api/maintenance/work-orders/route.ts(325,11): error TS2322: Type '{ workOrderId: string; mantItemId: any; description: any; supplier: string; unitPrice: any; quantity: number; totalCost: any; purchasedBy: string; status: "PENDING"; }' is not assignable to type 'Exact<(Without<WorkOrderItemCreateInput, WorkOrderItemUncheckedCreateInput> & WorkOrderItemUncheckedCreateInput) | (Without<...> & WorkOrderItemCreateInput), (Without<...> & WorkOrderItemUncheckedCreateInput) | (Without<...> & WorkOrderItemCreateInput)>'.
  Type '{ workOrderId: string; mantItemId: any; description: any; supplier: string; unitPrice: any; quantity: number; totalCost: any; purchasedBy: string; status: "PENDING"; }' is not assignable to type '(Without<WorkOrderItemCreateInput, WorkOrderItemUncheckedCreateInput> & WorkOrderItemUncheckedCreateInput) | { ...; }'.
    Property 'tenantId' is missing in type '{ workOrderId: string; mantItemId: any; description: any; supplier: string; unitPrice: any; quantity: number; totalCost: any; purchasedBy: string; status: "PENDING"; }' but required in type '{ tenant?: never; workOrder?: never; masterPart?: never; mantItem?: never; id?: string; workOrderId: string; mantItemId: string; tenantId: string; description: string; partNumber?: string | null; brand?: string | null; ... 23 more ...; purchaseOrderItems?: PurchaseOrderItemUncheckedCreateNestedManyWithoutWorkOrderIt...'.
src/app/api/people/drivers/route.ts(71,7): error TS2322: Type '{ name: any; email: any; phone: any; licenseNumber: any; licenseExpiry: Date | null; }' is not assignable to type 'Exact<(Without<DriverCreateInput, DriverUncheckedCreateInput> & DriverUncheckedCreateInput) | (Without<...> & DriverCreateInput), (Without<...> & DriverUncheckedCreateInput) | (Without<...> & DriverCreateInput)>'.
  Property 'tenant' is missing in type '{ name: any; email: any; phone: any; licenseNumber: any; licenseExpiry: Date | null; }' but required in type '{ tenantId?: never; id?: string; name: string; email?: string | null; phone?: string | null; licenseNumber?: string | null; licenseExpiry?: string | Date | { toString: {}; toDateString: {}; ... 41 more ...; [Symbol.toPrimitive]: {}; } | null; ... 5 more ...; vehicleDrivers?: VehicleDriverCreateNestedManyWithoutDrive...'.
src/app/api/people/providers/route.ts(68,7): error TS2322: Type '{ name: any; email: any; phone: any; address: any; specialty: any; }' is not assignable to type 'Exact<(Without<ProviderCreateInput, ProviderUncheckedCreateInput> & ProviderUncheckedCreateInput) | (Without<...> & ProviderCreateInput), (Without<...> & ProviderUncheckedCreateInput) | (Without<...> & ProviderCreateInput)>'.
  Property 'tenant' is missing in type '{ name: any; email: any; phone: any; address: any; specialty: any; }' but required in type '{ tenantId?: never; id?: string; name: string; email?: string | null; phone?: string | null; address?: string | null; specialty?: ProviderSpecialty | null; status?: Status; ... 9 more ...; purchaseOrders?: PurchaseOrderCreateNestedManyWithoutProviderInput | { ...; }; }'.
src/app/api/people/technicians/route.ts(68,7): error TS2322: Type '{ name: any; email: any; phone: any; specialty: any; }' is not assignable to type 'Exact<(Without<TechnicianCreateInput, TechnicianUncheckedCreateInput> & TechnicianUncheckedCreateInput) | (Without<...> & TechnicianCreateInput), (Without<...> & TechnicianUncheckedCreateInput) | (Without<...> & TechnicianCreateInput)>'.
  Property 'tenant' is missing in type '{ name: any; email: any; phone: any; specialty: any; }' but required in type '{ tenantId?: never; id?: string; name: string; email?: string | null; phone?: string | null; specialty?: TechnicianSpecialty | null; status?: Status; createdAt?: string | ... 1 more ... | { ...; }; ... 9 more ...; ticketLaborEntries?: TicketLaborEntryCreateNestedManyWithoutTechnicianInput | { ...; }; }'.
src/app/api/purchase-orders/[id]/items/route.ts(112,9): error TS2322: Type '{ purchaseOrderId: string; workOrderItemId: any; mantItemId: any; masterPartId: any; description: any; quantity: any; unitPrice: any; total: number; status: "PENDING"; }' is not assignable to type 'Exact<(Without<PurchaseOrderItemCreateInput, PurchaseOrderItemUncheckedCreateInput> & PurchaseOrderItemUncheckedCreateInput) | (Without<...> & PurchaseOrderItemCreateInput), (Without<...> & PurchaseOrderItemUncheckedCreateInput) | (Without<...> & PurchaseOrderItemCreateInput)>'.
  Type '{ purchaseOrderId: string; workOrderItemId: any; mantItemId: any; masterPartId: any; description: any; quantity: any; unitPrice: any; total: number; status: "PENDING"; }' is not assignable to type '(Without<PurchaseOrderItemCreateInput, PurchaseOrderItemUncheckedCreateInput> & PurchaseOrderItemUncheckedCreateInput) | { ...; }'.
    Property 'tenantId' is missing in type '{ purchaseOrderId: string; workOrderItemId: any; mantItemId: any; masterPartId: any; description: any; quantity: any; unitPrice: any; total: number; status: "PENDING"; }' but required in type '{ tenant?: never; masterPart?: never; mantItem?: never; purchaseOrder?: never; workOrderItem?: never; id?: string; purchaseOrderId: string; tenantId: string; workOrderItemId?: string | null; mantItemId?: string | null; ... 10 more ...; updatedAt?: string | ... 1 more ... | { ...; }; }'.
src/app/api/purchase-orders/route.ts(175,9): error TS2322: Type '{ workOrderId: any; orderNumber: string; type: PurchaseOrderType; providerId: any; status: "DRAFT"; requestedBy: string; subtotal: any; taxRate: number; taxAmount: number; total: any; notes: any; items: { ...; }; }' is not assignable to type 'Exact<(Without<PurchaseOrderCreateInput, PurchaseOrderUncheckedCreateInput> & PurchaseOrderUncheckedCreateInput) | (Without<...> & PurchaseOrderCreateInput), (Without<...> & PurchaseOrderUncheckedCreateInput) | (Without<...> & PurchaseOrderCreateInput)>'.
  Type '{ workOrderId: any; orderNumber: string; type: PurchaseOrderType; providerId: any; status: "DRAFT"; requestedBy: string; subtotal: any; taxRate: number; taxAmount: number; total: any; notes: any; items: { ...; }; }' is missing the following properties from type '{ tenantId?: never; providerId?: never; workOrderId?: never; id?: string; orderNumber: string; type: Exact<PurchaseOrderType, PurchaseOrderType>; ... 16 more ...; invoices?: InvoiceCreateNestedManyWithoutPurchaseOrderInput | { ...; }; }': tenant, workOrder, provider
src/app/api/tenants/route.ts(82,26): error TS2304: Cannot find name 'tenantPrisma'.
src/app/api/tenants/route.ts(98,13): error TS2304: Cannot find name 'tenantPrisma'.
src/app/api/tenants/route.ts(98,45): error TS7006: Parameter 'tx' implicitly has an 'any' type.
src/app/api/vehicles/brands/[id]/route.ts(13,19): error TS6133: 'tenantPrisma' is declared but its value is never read.
src/app/api/vehicles/brands/route.ts(8,19): error TS6133: 'tenantPrisma' is declared but its value is never read.
src/app/api/vehicles/documents/route.ts(111,7): error TS2322: Type '{ vehicleId: string; documentTypeId: any; fileName: any; documentNumber: any; entity: any; fileUrl: any; expiryDate: Date | null; status: any; }' is not assignable to type 'Exact<(Without<DocumentCreateInput, DocumentUncheckedCreateInput> & DocumentUncheckedCreateInput) | (Without<...> & DocumentCreateInput), (Without<...> & DocumentUncheckedCreateInput) | (Without<...> & DocumentCreateInput)>'.
  Type '{ vehicleId: string; documentTypeId: any; fileName: any; documentNumber: any; entity: any; fileUrl: any; expiryDate: Date | null; status: any; }' is not assignable to type '(Without<DocumentCreateInput, DocumentUncheckedCreateInput> & DocumentUncheckedCreateInput) | { ...; }'.
    Property 'tenantId' is missing in type '{ vehicleId: string; documentTypeId: any; fileName: any; documentNumber: any; entity: any; fileUrl: any; expiryDate: Date | null; status: any; }' but required in type '{ tenant?: never; vehicle?: never; documentType?: never; id?: string; tenantId: string; vehicleId: string; documentTypeId: string; fileName: string; fileUrl: string; documentNumber?: string | null; ... 5 more ...; updatedAt?: string | ... 1 more ... | { ...; }; }'.
src/app/api/vehicles/lines/[id]/route.ts(12,19): error TS6133: 'tenantPrisma' is declared but its value is never read.
src/app/api/vehicles/lines/route.ts(7,19): error TS6133: 'tenantPrisma' is declared but its value is never read.
src/app/api/vehicles/odometer/route.ts(115,7): error TS2322: Type '{ vehicleId: any; driverId: any; kilometers: any; hours: any; measureType: any; recordedAt: Date; }' is not assignable to type 'Exact<(Without<OdometerLogCreateInput, OdometerLogUncheckedCreateInput> & OdometerLogUncheckedCreateInput) | (Without<...> & OdometerLogCreateInput), (Without<...> & OdometerLogUncheckedCreateInput) | (Without<...> & OdometerLogCreateInput)>'.
  Type '{ vehicleId: any; driverId: any; kilometers: any; hours: any; measureType: any; recordedAt: Date; }' is missing the following properties from type '{ tenantId?: never; vehicleId?: never; driverId?: never; id?: string; kilometers?: number | null; hours?: number | null; measureType?: OdometerMeasureType; recordedAt?: string | Date | { ...; }; createdAt?: string | ... 1 more ... | { ...; }; vehicle: { ...; }; driver?: DriverCreateNestedOneWithoutOdometerLogsInput ...': vehicle, tenant
src/app/api/vehicles/types/[id]/route.ts(12,19): error TS6133: 'tenantPrisma' is declared but its value is never read.
src/app/api/vehicles/types/route.ts(7,19): error TS6133: 'tenantPrisma' is declared but its value is never read.
src/lib/__tests__/tenant-prisma.test.ts(60,16): error TS2532: Object is possibly 'undefined'.
src/lib/__tests__/tenant-prisma.test.ts(64,16): error TS2532: Object is possibly 'undefined'.
src/lib/auth.ts(115,41): error TS2339: Property 'organizationMemberships' does not exist on type 'User'.
src/lib/auth.ts(116,12): error TS7006: Parameter 'm' implicitly has an 'any' type.
src/lib/auth.ts(124,13): error TS2322: Type '{ id: string; name: any; onboardingStatus: "PENDING"; country: string; currency: string; }' is not assignable to type '(Without<TenantCreateInput, TenantUncheckedCreateInput> & TenantUncheckedCreateInput) | (Without<...> & TenantCreateInput)'.
  Type '{ id: string; name: any; onboardingStatus: "PENDING"; country: string; currency: string; }' is not assignable to type 'Without<TenantUncheckedCreateInput, TenantCreateInput> & TenantCreateInput'.
    Property 'slug' is missing in type '{ id: string; name: any; onboardingStatus: "PENDING"; country: string; currency: string; }' but required in type 'TenantCreateInput'.
src/lib/tenant-prisma.ts(35,35): error TS2339: Property 'data' does not exist on type '{ select?: WorkOrderSelect<InternalArgs & DefaultArgs> | null; omit?: WorkOrderOmit<InternalArgs & DefaultArgs> | null; ... 6 more ...; distinct?: WorkOrderScalarFieldEnum | WorkOrderScalarFieldEnum[]; } | ... 455 more ... | { ...; }'.
  Property 'data' does not exist on type '{ select?: WorkOrderSelect<InternalArgs & DefaultArgs> | null; omit?: WorkOrderOmit<InternalArgs & DefaultArgs> | null; ... 6 more ...; distinct?: WorkOrderScalarFieldEnum | WorkOrderScalarFieldEnum[]; }'.
src/lib/tenant-prisma.ts(35,58): error TS2339: Property 'data' does not exist on type '{ select?: WorkOrderSelect<InternalArgs & DefaultArgs> | null; omit?: WorkOrderOmit<InternalArgs & DefaultArgs> | null; ... 6 more ...; distinct?: WorkOrderScalarFieldEnum | WorkOrderScalarFieldEnum[]; } | ... 455 more ... | { ...; }'.
  Property 'data' does not exist on type '{ select?: WorkOrderSelect<InternalArgs & DefaultArgs> | null; omit?: WorkOrderOmit<InternalArgs & DefaultArgs> | null; ... 6 more ...; distinct?: WorkOrderScalarFieldEnum | WorkOrderScalarFieldEnum[]; }'.
src/lib/tenant-prisma.ts(39,53): error TS2339: Property 'data' does not exist on type '{ select?: WorkOrderSelect<InternalArgs & DefaultArgs> | null; omit?: WorkOrderOmit<InternalArgs & DefaultArgs> | null; ... 6 more ...; distinct?: WorkOrderScalarFieldEnum | WorkOrderScalarFieldEnum[]; } | ... 455 more ... | { ...; }'.
  Property 'data' does not exist on type '{ select?: WorkOrderSelect<InternalArgs & DefaultArgs> | null; omit?: WorkOrderOmit<InternalArgs & DefaultArgs> | null; ... 6 more ...; distinct?: WorkOrderScalarFieldEnum | WorkOrderScalarFieldEnum[]; }'.
src/lib/tenant-prisma.ts(40,39): error TS2339: Property 'data' does not exist on type '{ select?: WorkOrderSelect<InternalArgs & DefaultArgs> | null; omit?: WorkOrderOmit<InternalArgs & DefaultArgs> | null; ... 6 more ...; distinct?: WorkOrderScalarFieldEnum | WorkOrderScalarFieldEnum[]; } | ... 455 more ... | { ...; }'.
  Property 'data' does not exist on type '{ select?: WorkOrderSelect<InternalArgs & DefaultArgs> | null; omit?: WorkOrderOmit<InternalArgs & DefaultArgs> | null; ... 6 more ...; distinct?: WorkOrderScalarFieldEnum | WorkOrderScalarFieldEnum[]; }'.
src/lib/tenant-prisma.ts(40,56): error TS2339: Property 'data' does not exist on type '{ select?: WorkOrderSelect<InternalArgs & DefaultArgs> | null; omit?: WorkOrderOmit<InternalArgs & DefaultArgs> | null; ... 6 more ...; distinct?: WorkOrderScalarFieldEnum | WorkOrderScalarFieldEnum[]; } | ... 455 more ... | { ...; }'.
  Property 'data' does not exist on type '{ select?: WorkOrderSelect<InternalArgs & DefaultArgs> | null; omit?: WorkOrderOmit<InternalArgs & DefaultArgs> | null; ... 6 more ...; distinct?: WorkOrderScalarFieldEnum | WorkOrderScalarFieldEnum[]; }'.
src/lib/tenant-prisma.ts(41,46): error TS2339: Property 'data' does not exist on type '{ select?: WorkOrderSelect<InternalArgs & DefaultArgs> | null; omit?: WorkOrderOmit<InternalArgs & DefaultArgs> | null; ... 6 more ...; distinct?: WorkOrderScalarFieldEnum | WorkOrderScalarFieldEnum[]; } | ... 455 more ... | { ...; }'.
  Property 'data' does not exist on type '{ select?: WorkOrderSelect<InternalArgs & DefaultArgs> | null; omit?: WorkOrderOmit<InternalArgs & DefaultArgs> | null; ... 6 more ...; distinct?: WorkOrderScalarFieldEnum | WorkOrderScalarFieldEnum[]; }'.
src/lib/tenant-prisma.ts(42,39): error TS2339: Property 'data' does not exist on type '{ select?: WorkOrderSelect<InternalArgs & DefaultArgs> | null; omit?: WorkOrderOmit<InternalArgs & DefaultArgs> | null; ... 6 more ...; distinct?: WorkOrderScalarFieldEnum | WorkOrderScalarFieldEnum[]; } | ... 455 more ... | { ...; }'.
  Property 'data' does not exist on type '{ select?: WorkOrderSelect<InternalArgs & DefaultArgs> | null; omit?: WorkOrderOmit<InternalArgs & DefaultArgs> | null; ... 6 more ...; distinct?: WorkOrderScalarFieldEnum | WorkOrderScalarFieldEnum[]; }'.
src/lib/tenant-prisma.ts(42,62): error TS2339: Property 'data' does not exist on type '{ select?: WorkOrderSelect<InternalArgs & DefaultArgs> | null; omit?: WorkOrderOmit<InternalArgs & DefaultArgs> | null; ... 6 more ...; distinct?: WorkOrderScalarFieldEnum | WorkOrderScalarFieldEnum[]; } | ... 455 more ... | { ...; }'.
  Property 'data' does not exist on type '{ select?: WorkOrderSelect<InternalArgs & DefaultArgs> | null; omit?: WorkOrderOmit<InternalArgs & DefaultArgs> | null; ... 6 more ...; distinct?: WorkOrderScalarFieldEnum | WorkOrderScalarFieldEnum[]; }'.
src/lib/tenant-prisma.ts(49,31): error TS2339: Property 'where' does not exist on type '{ select?: WorkOrderSelect<InternalArgs & DefaultArgs> | null; omit?: WorkOrderOmit<InternalArgs & DefaultArgs> | null; ... 6 more ...; distinct?: WorkOrderScalarFieldEnum | WorkOrderScalarFieldEnum[]; } | ... 455 more ... | { ...; }'.
  Property 'where' does not exist on type '{ select?: WorkOrderSelectCreateManyAndReturn<InternalArgs & DefaultArgs> | null; omit?: WorkOrderOmit<InternalArgs & DefaultArgs> | null; data: WorkOrderCreateManyInput | WorkOrderCreateManyInput[]; skipDuplicates?: boolean; include?: WorkOrderIncludeCreateManyAndReturn<...> | null; }'.
src/lib/tenant-prisma.ts(49,49): error TS2339: Property 'where' does not exist on type '{ select?: WorkOrderSelect<InternalArgs & DefaultArgs> | null; omit?: WorkOrderOmit<InternalArgs & DefaultArgs> | null; ... 6 more ...; distinct?: WorkOrderScalarFieldEnum | WorkOrderScalarFieldEnum[]; } | ... 455 more ... | { ...; }'.
  Property 'where' does not exist on type '{ select?: WorkOrderSelectCreateManyAndReturn<InternalArgs & DefaultArgs> | null; omit?: WorkOrderOmit<InternalArgs & DefaultArgs> | null; data: WorkOrderCreateManyInput | WorkOrderCreateManyInput[]; skipDuplicates?: boolean; include?: WorkOrderIncludeCreateManyAndReturn<...> | null; }'.
src/lib/tenant-prisma.ts(49,72): error TS2339: Property 'where' does not exist on type '{ select?: WorkOrderSelect<InternalArgs & DefaultArgs> | null; omit?: WorkOrderOmit<InternalArgs & DefaultArgs> | null; ... 6 more ...; distinct?: WorkOrderScalarFieldEnum | WorkOrderScalarFieldEnum[]; } | ... 455 more ... | { ...; }'.
  Property 'where' does not exist on type '{ select?: WorkOrderSelectCreateManyAndReturn<InternalArgs & DefaultArgs> | null; omit?: WorkOrderOmit<InternalArgs & DefaultArgs> | null; data: WorkOrderCreateManyInput | WorkOrderCreateManyInput[]; skipDuplicates?: boolean; include?: WorkOrderIncludeCreateManyAndReturn<...> | null; }'.
src/lib/tenant-prisma.ts(62,52): error TS2339: Property 'where' does not exist on type 'WorkOrderFindManyArgs<InternalArgs & DefaultArgs> | WorkOrderFindFirstArgs<InternalArgs & DefaultArgs> | ... 687 more ... | PartCompatibilityCountArgs<...>'.
  Property 'where' does not exist on type 'WorkOrderCreateManyAndReturnArgs<InternalArgs & DefaultArgs>'.
src/lib/tenant-prisma.ts(64,39): error TS2339: Property 'where' does not exist on type '{ select?: WorkOrderSelect<InternalArgs & DefaultArgs> | null; omit?: WorkOrderOmit<InternalArgs & DefaultArgs> | null; ... 6 more ...; distinct?: WorkOrderScalarFieldEnum | WorkOrderScalarFieldEnum[]; } | ... 455 more ... | { ...; }'.
  Property 'where' does not exist on type '{ select?: WorkOrderSelectCreateManyAndReturn<InternalArgs & DefaultArgs> | null; omit?: WorkOrderOmit<InternalArgs & DefaultArgs> | null; data: WorkOrderCreateManyInput | WorkOrderCreateManyInput[]; skipDuplicates?: boolean; include?: WorkOrderIncludeCreateManyAndReturn<...> | null; }'.
src/lib/tenant-prisma.ts(66,39): error TS2339: Property 'where' does not exist on type '{ select?: WorkOrderSelect<InternalArgs & DefaultArgs> | null; omit?: WorkOrderOmit<InternalArgs & DefaultArgs> | null; ... 6 more ...; distinct?: WorkOrderScalarFieldEnum | WorkOrderScalarFieldEnum[]; } | ... 455 more ... | { ...; }'.
  Property 'where' does not exist on type '{ select?: WorkOrderSelectCreateManyAndReturn<InternalArgs & DefaultArgs> | null; omit?: WorkOrderOmit<InternalArgs & DefaultArgs> | null; data: WorkOrderCreateManyInput | WorkOrderCreateManyInput[]; skipDuplicates?: boolean; include?: WorkOrderIncludeCreateManyAndReturn<...> | null; }'.
src/lib/tenant-prisma.ts(70,36): error TS2339: Property 'where' does not exist on type '{ select?: WorkOrderSelect<InternalArgs & DefaultArgs> | null; omit?: WorkOrderOmit<InternalArgs & DefaultArgs> | null; ... 6 more ...; distinct?: WorkOrderScalarFieldEnum | WorkOrderScalarFieldEnum[]; } | ... 455 more ... | { ...; }'.
  Property 'where' does not exist on type '{ select?: WorkOrderSelectCreateManyAndReturn<InternalArgs & DefaultArgs> | null; omit?: WorkOrderOmit<InternalArgs & DefaultArgs> | null; data: WorkOrderCreateManyInput | WorkOrderCreateManyInput[]; skipDuplicates?: boolean; include?: WorkOrderIncludeCreateManyAndReturn<...> | null; }'.
src/lib/tenant-prisma.ts(87,98): error TS2339: Property 'where' does not exist on type '{ select?: WorkOrderSelect<InternalArgs & DefaultArgs> | null; omit?: WorkOrderOmit<InternalArgs & DefaultArgs> | null; ... 6 more ...; distinct?: WorkOrderScalarFieldEnum | WorkOrderScalarFieldEnum[]; } | ... 455 more ... | { ...; }'.
  Property 'where' does not exist on type '{ select?: WorkOrderSelectCreateManyAndReturn<InternalArgs & DefaultArgs> | null; omit?: WorkOrderOmit<InternalArgs & DefaultArgs> | null; data: WorkOrderCreateManyInput | WorkOrderCreateManyInput[]; skipDuplicates?: boolean; include?: WorkOrderIncludeCreateManyAndReturn<...> | null; }'.
src/lib/tenant-prisma.ts(98,98): error TS2339: Property 'where' does not exist on type '{ select?: WorkOrderSelect<InternalArgs & DefaultArgs> | null; omit?: WorkOrderOmit<InternalArgs & DefaultArgs> | null; ... 6 more ...; distinct?: WorkOrderScalarFieldEnum | WorkOrderScalarFieldEnum[]; } | ... 455 more ... | { ...; }'.
  Property 'where' does not exist on type '{ select?: WorkOrderSelectCreateManyAndReturn<InternalArgs & DefaultArgs> | null; omit?: WorkOrderOmit<InternalArgs & DefaultArgs> | null; data: WorkOrderCreateManyInput | WorkOrderCreateManyInput[]; skipDuplicates?: boolean; include?: WorkOrderIncludeCreateManyAndReturn<...> | null; }'.
src/lib/tenant-prisma.ts(104,98): error TS2339: Property 'where' does not exist on type '{ select?: WorkOrderSelect<InternalArgs & DefaultArgs> | null; omit?: WorkOrderOmit<InternalArgs & DefaultArgs> | null; ... 6 more ...; distinct?: WorkOrderScalarFieldEnum | WorkOrderScalarFieldEnum[]; } | ... 455 more ... | { ...; }'.
  Property 'where' does not exist on type '{ select?: WorkOrderSelectCreateManyAndReturn<InternalArgs & DefaultArgs> | null; omit?: WorkOrderOmit<InternalArgs & DefaultArgs> | null; data: WorkOrderCreateManyInput | WorkOrderCreateManyInput[]; skipDuplicates?: boolean; include?: WorkOrderIncludeCreateManyAndReturn<...> | null; }'.
src/lib/tenant-prisma.ts(119,35): error TS2339: Property 'data' does not exist on type '{ select?: WorkOrderSelect<InternalArgs & DefaultArgs> | null; omit?: WorkOrderOmit<InternalArgs & DefaultArgs> | null; ... 6 more ...; distinct?: WorkOrderScalarFieldEnum | WorkOrderScalarFieldEnum[]; } | ... 455 more ... | { ...; }'.
  Property 'data' does not exist on type '{ select?: WorkOrderSelect<InternalArgs & DefaultArgs> | null; omit?: WorkOrderOmit<InternalArgs & DefaultArgs> | null; ... 6 more ...; distinct?: WorkOrderScalarFieldEnum | WorkOrderScalarFieldEnum[]; }'.
src/lib/tenant-prisma.ts(119,58): error TS2339: Property 'data' does not exist on type '{ select?: WorkOrderSelect<InternalArgs & DefaultArgs> | null; omit?: WorkOrderOmit<InternalArgs & DefaultArgs> | null; ... 6 more ...; distinct?: WorkOrderScalarFieldEnum | WorkOrderScalarFieldEnum[]; } | ... 455 more ... | { ...; }'.
  Property 'data' does not exist on type '{ select?: WorkOrderSelect<InternalArgs & DefaultArgs> | null; omit?: WorkOrderOmit<InternalArgs & DefaultArgs> | null; ... 6 more ...; distinct?: WorkOrderScalarFieldEnum | WorkOrderScalarFieldEnum[]; }'.
src/lib/tenant-prisma.ts(120,43): error TS2339: Property 'data' does not exist on type '{ select?: WorkOrderSelect<InternalArgs & DefaultArgs> | null; omit?: WorkOrderOmit<InternalArgs & DefaultArgs> | null; ... 6 more ...; distinct?: WorkOrderScalarFieldEnum | WorkOrderScalarFieldEnum[]; } | ... 455 more ... | { ...; }'.
  Property 'data' does not exist on type '{ select?: WorkOrderSelect<InternalArgs & DefaultArgs> | null; omit?: WorkOrderOmit<InternalArgs & DefaultArgs> | null; ... 6 more ...; distinct?: WorkOrderScalarFieldEnum | WorkOrderScalarFieldEnum[]; }'.
